<?xml version="1.0" encoding="UTF-8"?>
<!-- Generated by org.testng.reporters.JUnitXMLReporter -->
<testsuite hostname="GGKLen1027" name="module1Chrome,54,WIN,10TS_CreatingLead" tests="1" failures="1" timestamp="8 Jun 2017 10:21:39 GMT" time="2.68" errors="0">
  <testcase name="SignIn" time="2.678" classname="com.ggktech.module1.TS_CreatingLead">
    <failure type="java.lang.NullPointerException">
      <![CDATA[java.lang.NullPointerException
	at com.ggktech.service.PublicLibrary.createEndTags(PublicLibrary.java:1430)
	at com.ggktech.service.PublicLibrary.createXMLAndUpdateExcel(PublicLibrary.java:1392)
	at com.ggktech.module1.TS_CreatingLead.SignIn(TS_CreatingLead.java:40)
	at com.ggktech.utils.TestNgXml.executeModuleTests(TestNgXml.java:481)
	at com.ggktech.utils.TestNgXml.access$1(TestNgXml.java:441)
	at com.ggktech.utils.TestNgXml$2.call(TestNgXml.java:385)
	at com.ggktech.utils.TestNgXml$2.call(TestNgXml.java:1)
	at java.util.concurrent.FutureTask.run(FutureTask.java:266)
	at java.util.concurrent.ScheduledThreadPoolExecutor$ScheduledFutureTask.access$201(ScheduledThreadPoolExecutor.java:180)
	at java.util.concurrent.ScheduledThreadPoolExecutor$ScheduledFutureTask.run(ScheduledThreadPoolExecutor.java:293)
	at java.util.concurrent.ThreadPoolExecutor.runWorker(ThreadPoolExecutor.java:1142)
	at java.util.concurrent.ThreadPoolExecutor$Worker.run(ThreadPoolExecutor.java:617)
	at java.lang.Thread.run(Thread.java:745)
... Removed 21 stack frames]]>
    </failure>
  </testcase> <!-- SignIn -->
</testsuite> <!-- module1Chrome,54,WIN,10TS_CreatingLead -->
