<?xml version="1.0" encoding="UTF-8"?>
<!-- Generated by org.testng.reporters.JUnitXMLReporter -->
<testsuite hostname="GGKLen1027" name="module1Firefox,45,Windows,10TS_CreatingLead" tests="1" failures="1" timestamp="26 Jun 2017 13:48:18 GMT" time="0.98" errors="0">
  <testcase name="SignIn" time="0.957" classname="com.ggktech.module1.TS_CreatingLead">
    <failure type="java.lang.NullPointerException">
      <![CDATA[java.lang.NullPointerException
	at com.ggktech.service.PublicLibrary.createEndTags(PublicLibrary.java:1535)
	at com.ggktech.service.PublicLibrary.createXMLAndUpdateExcel(PublicLibrary.java:1497)
	at com.ggktech.module1.TS_CreatingLead.SignIn(TS_CreatingLead.java:42)
	at com.ggktech.utils.TestNgXml.executeModuleTests(TestNgXml.java:521)
	at com.ggktech.utils.TestNgXml.access$1(TestNgXml.java:473)
	at com.ggktech.utils.TestNgXml$2.call(TestNgXml.java:414)
	at com.ggktech.utils.TestNgXml$2.call(TestNgXml.java:1)
	at java.util.concurrent.FutureTask.run(FutureTask.java:266)
	at java.util.concurrent.ScheduledThreadPoolExecutor$ScheduledFutureTask.access$201(ScheduledThreadPoolExecutor.java:180)
	at java.util.concurrent.ScheduledThreadPoolExecutor$ScheduledFutureTask.run(ScheduledThreadPoolExecutor.java:293)
	at java.util.concurrent.ThreadPoolExecutor.runWorker(ThreadPoolExecutor.java:1142)
	at java.util.concurrent.ThreadPoolExecutor$Worker.run(ThreadPoolExecutor.java:617)
	at java.lang.Thread.run(Thread.java:745)
... Removed 21 stack frames]]>
    </failure>
  </testcase> <!-- SignIn -->
</testsuite> <!-- module1Firefox,45,Windows,10TS_CreatingLead -->
