<?xml version="1.0" encoding="UTF-8"?>
<!-- Generated by org.testng.reporters.JUnitXMLReporter -->
<testsuite hostname="GGKLen1027" name="module1Chrome,58,windows,10TS_CreateLead" tests="1" failures="1" timestamp="8 Jun 2017 06:20:20 GMT" time="15.261" errors="0">
  <testcase name="createLeadSave" time="15.245" classname="com.ggktech.module2.TS_CreateLead">
    <failure type="java.lang.AssertionError" message="null">
      <![CDATA[java.lang.AssertionError: null
	at com.ggktech.utils.Reporter.failedreport(Reporter.java:145)
	at com.ggktech.utils.Reporter.report(Reporter.java:86)
	at com.ggktech.utils.Reporter.reportinCatch(Reporter.java:160)
	at com.ggktech.module2.TS_CreateLead.createLeadSave(TS_CreateLead.java:80)
	at com.ggktech.utils.TestNgXml.executeModuleTests(TestNgXml.java:481)
	at com.ggktech.utils.TestNgXml.access$1(TestNgXml.java:441)
	at com.ggktech.utils.TestNgXml$2.call(TestNgXml.java:385)
	at com.ggktech.utils.TestNgXml$2.call(TestNgXml.java:1)
	at java.util.concurrent.FutureTask.run(FutureTask.java:266)
	at java.util.concurrent.ScheduledThreadPoolExecutor$ScheduledFutureTask.access$201(ScheduledThreadPoolExecutor.java:180)
	at java.util.concurrent.ScheduledThreadPoolExecutor$ScheduledFutureTask.run(ScheduledThreadPoolExecutor.java:293)
	at java.util.concurrent.ThreadPoolExecutor.runWorker(ThreadPoolExecutor.java:1142)
	at java.util.concurrent.ThreadPoolExecutor$Worker.run(ThreadPoolExecutor.java:617)
	at java.lang.Thread.run(Thread.java:745)
... Removed 23 stack frames]]>
    </failure>
  </testcase> <!-- createLeadSave -->
</testsuite> <!-- module1Chrome,58,windows,10TS_CreateLead -->
