<?xml version="1.0" encoding="UTF-8"?>
<!-- Generated by org.testng.reporters.JUnitXMLReporter -->
<testsuite hostname="GGKLen1027" name="module2Firefox,46,Windows,10TS_CreateLead(failed)" tests="1" failures="1" timestamp="20 Jun 2017 11:47:37 GMT" time="60.322" errors="0">
  <testcase name="createLeadSave" time="60.315" classname="com.ggktech.module2.TS_CreateLead">
    <failure type="java.lang.AssertionError" message="null">
      <![CDATA[java.lang.AssertionError: null
	at com.ggktech.utils.Reporter.failedreport(Reporter.java:162)
	at com.ggktech.utils.Reporter.report(Reporter.java:102)
	at com.ggktech.service.PublicLibrary.verifyAssertEquals(PublicLibrary.java:627)
	at com.ggktech.service.PublicLibrary.verifyPage(PublicLibrary.java:1177)
	at com.ggktech.applib.ApplicationLibrary.loginCRM(ApplicationLibrary.java:128)
	at com.ggktech.module2.TS_CreateLead.createLeadSave(TS_CreateLead.java:56)
	at java.util.concurrent.FutureTask.run(FutureTask.java:266)
	at java.util.concurrent.ThreadPoolExecutor.runWorker(ThreadPoolExecutor.java:1142)
	at java.util.concurrent.ThreadPoolExecutor$Worker.run(ThreadPoolExecutor.java:617)
	at java.lang.Thread.run(Thread.java:745)
... Removed 18 stack frames]]>
    </failure>
  </testcase> <!-- createLeadSave -->
</testsuite> <!-- module2Firefox,46,Windows,10TS_CreateLead(failed) -->
