<?xml version="1.0" encoding="UTF-8"?>
<!-- Generated by org.testng.reporters.JUnitXMLReporter -->
<testsuite hostname="GGKU2SYS27" ignored="0" name="module1mobile emulation, 54,Windows,10MobileEmulation" tests="1" failures="1" timestamp="08 Jun 2018 04:59:53 GMT" time="20.492" errors="0">
  <testcase name="testScript" time="7.979" classname="com.ggktech.utils.TestCaseTemplate">
    <failure type="java.lang.AssertionError" message="null">
      <![CDATA[java.lang.AssertionError: null
	at com.ggktech.utils.Reporter.reportAndStopExe(Reporter.java:216)
	at com.ggktech.utils.Reporter.failedreport(Reporter.java:145)
	at com.ggktech.utils.Reporter.report(Reporter.java:113)
	at com.ggktech.utils.Reporter.reportinCatch(Reporter.java:200)
	at com.ggktech.service.PublicLibrary.setPassword(PublicLibrary.java:541)
	at com.ggktech.applib.ApplicationLibrary.loginCRM(ApplicationLibrary.java:180)
	at com.ggktech.module1.MobileEmulation.testScript(MobileEmulation.java:7)
	at com.ggktech.utils.TestNgXml.executeModuleTests(TestNgXml.java:544)
	at com.ggktech.utils.TestNgXml.access$100(TestNgXml.java:53)
	at com.ggktech.utils.TestNgXml$2.call(TestNgXml.java:431)
	at com.ggktech.utils.TestNgXml$2.call(TestNgXml.java:427)
	at java.util.concurrent.FutureTask.run(FutureTask.java:266)
	at java.util.concurrent.ScheduledThreadPoolExecutor$ScheduledFutureTask.access$201(ScheduledThreadPoolExecutor.java:180)
	at java.util.concurrent.ScheduledThreadPoolExecutor$ScheduledFutureTask.run(ScheduledThreadPoolExecutor.java:293)
	at java.util.concurrent.ThreadPoolExecutor.runWorker(ThreadPoolExecutor.java:1142)
	at java.util.concurrent.ThreadPoolExecutor$Worker.run(ThreadPoolExecutor.java:617)
	at java.lang.Thread.run(Thread.java:745)
... Removed 24 stack frames]]>
    </failure>
  </testcase> <!-- testScript -->
</testsuite> <!-- module1mobile emulation, 54,Windows,10MobileEmulation -->
