<?xml version="1.0" encoding="UTF-8"?>
<!-- Generated by org.testng.reporters.JUnitXMLReporter -->
<testsuite hostname="GGKLen1027" name="module1Chrome,54,Windows,10" tests="2" failures="1" timestamp="22 Jun 2017 09:45:29 GMT" time="70.09" errors="0">
  <testcase name="SignIn" time="32.26" classname="com.ggktech.module1.TS_CreatingLead">
    <failure type="java.lang.AssertionError" message="null">
      <![CDATA[java.lang.AssertionError: null
	at com.ggktech.utils.Reporter.reportAndStopExe(Reporter.java:199)
	at com.ggktech.utils.Reporter.failedreport(Reporter.java:130)
	at com.ggktech.utils.Reporter.report(Reporter.java:102)
	at com.ggktech.utils.Reporter.reportinCatch(Reporter.java:183)
	at com.ggktech.module1.TS_CreatingLead.SignIn(TS_CreatingLead.java:36)
	at com.ggktech.utils.TestNgXml.executeModuleTests(TestNgXml.java:530)
	at com.ggktech.utils.TestNgXml.access$1(TestNgXml.java:477)
	at com.ggktech.utils.TestNgXml$2.call(TestNgXml.java:418)
	at com.ggktech.utils.TestNgXml$2.call(TestNgXml.java:1)
	at java.util.concurrent.FutureTask.run(FutureTask.java:266)
	at java.util.concurrent.ScheduledThreadPoolExecutor$ScheduledFutureTask.access$201(ScheduledThreadPoolExecutor.java:180)
	at java.util.concurrent.ScheduledThreadPoolExecutor$ScheduledFutureTask.run(ScheduledThreadPoolExecutor.java:293)
	at java.util.concurrent.ThreadPoolExecutor.runWorker(ThreadPoolExecutor.java:1142)
	at java.util.concurrent.ThreadPoolExecutor$Worker.run(ThreadPoolExecutor.java:617)
	at java.lang.Thread.run(Thread.java:745)
... Removed 23 stack frames]]>
    </failure>
  </testcase> <!-- SignIn -->
  <testcase name="SignIn" time="37.829" classname="com.ggktech.module1.TS_CountNumberOfRecords"/>
</testsuite> <!-- module1Chrome,54,Windows,10 -->
