<?xml version="1.0" encoding="UTF-8"?>
<!-- Generated by org.testng.reporters.JUnitXMLReporter -->
<testsuite hostname="GGKU2SYS42" ignored="0" name="module1Firefox,46,Windows,10TS_CountNumberOfRecords" tests="1" failures="1" timestamp="14 Sep 2017 08:00:59 GMT" time="80.805" errors="0">
  <testcase name="countNumberOfRecords" time="80.783" classname="com.ggktech.module2.TS_CountNumberOfRecords">
    <failure type="java.lang.AssertionError" message="null">
      <![CDATA[java.lang.AssertionError: null
	at com.ggktech.utils.Reporter.failedreport(Reporter.java:171)
	at com.ggktech.utils.Reporter.report(Reporter.java:109)
	at com.ggktech.service.PublicLibrary.fluentWait(PublicLibrary.java:1167)
	at com.ggktech.service.PublicLibrary.clickElement(PublicLibrary.java:555)
	at com.ggktech.applib.ApplicationLibrary.logOutGmail(ApplicationLibrary.java:948)
	at com.ggktech.module2.TS_CountNumberOfRecords.countNumberOfRecords(TS_CountNumberOfRecords.java:48)
	at com.ggktech.utils.TestNgXml.executeModuleTests(TestNgXml.java:637)
	at com.ggktech.utils.TestNgXml.access$1(TestNgXml.java:576)
	at com.ggktech.utils.TestNgXml$2.call(TestNgXml.java:507)
	at com.ggktech.utils.TestNgXml$2.call(TestNgXml.java:1)
	at java.util.concurrent.FutureTask.run(FutureTask.java:266)
	at java.util.concurrent.ScheduledThreadPoolExecutor$ScheduledFutureTask.access$201(ScheduledThreadPoolExecutor.java:180)
	at java.util.concurrent.ScheduledThreadPoolExecutor$ScheduledFutureTask.run(ScheduledThreadPoolExecutor.java:293)
	at java.util.concurrent.ThreadPoolExecutor.runWorker(ThreadPoolExecutor.java:1142)
	at java.util.concurrent.ThreadPoolExecutor$Worker.run(ThreadPoolExecutor.java:617)
	at java.lang.Thread.run(Thread.java:745)
... Removed 24 stack frames]]>
    </failure>
  </testcase> <!-- countNumberOfRecords -->
</testsuite> <!-- module1Firefox,46,Windows,10TS_CountNumberOfRecords -->
