<?xml version="1.0" encoding="UTF-8"?>
<!-- Generated by org.testng.reporters.JUnitXMLReporter -->
<testsuite hostname="GGKLen1027" name="module1Firefox,46,Windows,10(failed)" tests="1" failures="1" timestamp="21 Jun 2017 09:50:09 GMT" time="83.139" errors="0">
  <testcase name="SignIn" time="83.131" classname="com.ggktech.module1.TS_CreatingLead">
    <failure type="java.lang.AssertionError" message="null">
      <![CDATA[java.lang.AssertionError: null
	at com.ggktech.utils.Reporter.reportAndStopExe(Reporter.java:199)
	at com.ggktech.utils.Reporter.failedreport(Reporter.java:130)
	at com.ggktech.utils.Reporter.report(Reporter.java:102)
	at com.ggktech.utils.Reporter.reportinCatch(Reporter.java:183)
	at com.ggktech.service.PublicLibrary.setValue(PublicLibrary.java:510)
	at com.ggktech.applib.ApplicationLibrary.DetailsLeadPage(ApplicationLibrary.java:183)
	at com.ggktech.module1.TS_CreatingLead.SignIn(TS_CreatingLead.java:28)
	at java.util.concurrent.FutureTask.run(FutureTask.java:266)
	at java.util.concurrent.ThreadPoolExecutor.runWorker(ThreadPoolExecutor.java:1142)
	at java.util.concurrent.ThreadPoolExecutor$Worker.run(ThreadPoolExecutor.java:617)
	at java.lang.Thread.run(Thread.java:745)
... Removed 18 stack frames]]>
    </failure>
  </testcase> <!-- SignIn -->
</testsuite> <!-- module1Firefox,46,Windows,10(failed) -->
