<?xml version="1.0" encoding="UTF-8"?>
<!-- Generated by org.testng.reporters.JUnitXMLReporter -->
<testsuite hostname="GGKLEN1037" ignored="0" name="module2Chrome,54,Windows,10TS_CountNumberOfRecords" tests="1" failures="1" timestamp="25 Oct 2017 05:00:43 GMT" time="1.572" errors="0">
  <testcase name="countNumberOfRecords" time="1.555" classname="com.ggktech.module2.TS_CountNumberOfRecords">
    <failure type="java.lang.NullPointerException">
      <![CDATA[java.lang.NullPointerException
	at com.ggktech.service.PublicLibrary.createEndTags(PublicLibrary.java:1531)
	at com.ggktech.service.PublicLibrary.createXMLAndUpdateExcel(PublicLibrary.java:1489)
	at com.ggktech.module2.TS_CountNumberOfRecords.countNumberOfRecords(TS_CountNumberOfRecords.java:64)
	at com.ggktech.utils.TestNgXml.executeModuleTests(TestNgXml.java:637)
	at com.ggktech.utils.TestNgXml.access$1(TestNgXml.java:576)
	at com.ggktech.utils.TestNgXml$2.call(TestNgXml.java:507)
	at com.ggktech.utils.TestNgXml$2.call(TestNgXml.java:1)
	at java.util.concurrent.FutureTask.run(FutureTask.java:266)
	at java.util.concurrent.ScheduledThreadPoolExecutor$ScheduledFutureTask.access$201(ScheduledThreadPoolExecutor.java:180)
	at java.util.concurrent.ScheduledThreadPoolExecutor$ScheduledFutureTask.run(ScheduledThreadPoolExecutor.java:293)
	at java.util.concurrent.ThreadPoolExecutor.runWorker(ThreadPoolExecutor.java:1142)
	at java.util.concurrent.ThreadPoolExecutor$Worker.run(ThreadPoolExecutor.java:617)
	at java.lang.Thread.run(Thread.java:745)
... Removed 22 stack frames]]>
    </failure>
  </testcase> <!-- countNumberOfRecords -->
</testsuite> <!-- module2Chrome,54,Windows,10TS_CountNumberOfRecords -->
