<?xml version="1.0" encoding="UTF-8"?>
<!-- Generated by org.testng.reporters.JUnitXMLReporter -->
<testsuite hostname="GGKU2SYS79" name="module2Chrome,55,windows,7TS_NewClass" tests="1" failures="1" timestamp="4 May 2017 12:43:02 GMT" time="54.269" errors="0">
  <testcase name="photoUpload" time="54.268" classname="com.ggktech.module1.TS_NewClass">
    <failure type="java.lang.AssertionError" message="null">
      <![CDATA[java.lang.AssertionError: null
	at com.ggktech.utils.Reporter.failedreport(Reporter.java:147)
	at com.ggktech.utils.Reporter.report(Reporter.java:88)
	at com.ggktech.service.PublicLibrary.verifyAssertEquals(PublicLibrary.java:614)
	at com.ggktech.service.PublicLibrary.verifyPage(PublicLibrary.java:1150)
	at com.ggktech.applib.ApplicationLibrary1.loginCRM(ApplicationLibrary1.java:70)
	at com.ggktech.module1.TS_NewClass.photoUpload(TS_NewClass.java:39)
	at com.ggktech.utils.TestNgXml.executeModuleTests(TestNgXml.java:408)
	at com.ggktech.utils.TestNgXml.access$0(TestNgXml.java:374)
	at com.ggktech.utils.TestNgXml$1.call(TestNgXml.java:331)
	at com.ggktech.utils.TestNgXml$1.call(TestNgXml.java:1)
	at java.util.concurrent.FutureTask.run(FutureTask.java:266)
	at java.util.concurrent.ScheduledThreadPoolExecutor$ScheduledFutureTask.access$201(ScheduledThreadPoolExecutor.java:180)
	at java.util.concurrent.ScheduledThreadPoolExecutor$ScheduledFutureTask.run(ScheduledThreadPoolExecutor.java:293)
	at java.util.concurrent.ThreadPoolExecutor.runWorker(ThreadPoolExecutor.java:1142)
	at java.util.concurrent.ThreadPoolExecutor$Worker.run(ThreadPoolExecutor.java:617)
	at java.lang.Thread.run(Thread.java:745)
... Removed 23 stack frames]]>
    </failure>
  </testcase> <!-- photoUpload -->
</testsuite> <!-- module2Chrome,55,windows,7TS_NewClass -->
