<?xml version="1.0" encoding="UTF-8"?>
<!-- Generated by org.testng.reporters.JUnitXMLReporter -->
<testsuite hostname="GGKLEN1037" ignored="0" name="module2Firefox,46,Windows,10TS_CreatingLead" tests="1" failures="1" timestamp="18 Oct 2017 11:25:36 GMT" time="0.623" errors="0">
  <testcase name="creatingLead" time="0.583" classname="com.ggktech.module1.TS_CreatingLead">
    <failure type="java.lang.NullPointerException">
      <![CDATA[java.lang.NullPointerException
	at com.ggktech.module1.TS_CreatingLead.creatingLead(TS_CreatingLead.java:66)
	at com.ggktech.utils.TestNgXml.executeModuleTests(TestNgXml.java:637)
	at com.ggktech.utils.TestNgXml.access$1(TestNgXml.java:576)
	at com.ggktech.utils.TestNgXml$2.call(TestNgXml.java:507)
	at com.ggktech.utils.TestNgXml$2.call(TestNgXml.java:1)
	at java.util.concurrent.FutureTask.run(FutureTask.java:266)
	at java.util.concurrent.ScheduledThreadPoolExecutor$ScheduledFutureTask.access$201(ScheduledThreadPoolExecutor.java:180)
	at java.util.concurrent.ScheduledThreadPoolExecutor$ScheduledFutureTask.run(ScheduledThreadPoolExecutor.java:293)
	at java.util.concurrent.ThreadPoolExecutor.runWorker(ThreadPoolExecutor.java:1142)
	at java.util.concurrent.ThreadPoolExecutor$Worker.run(ThreadPoolExecutor.java:617)
	at java.lang.Thread.run(Thread.java:745)
... Removed 22 stack frames]]>
    </failure>
  </testcase> <!-- creatingLead -->
</testsuite> <!-- module2Firefox,46,Windows,10TS_CreatingLead -->
