<?xml version="1.0" encoding="UTF-8"?>
<!-- Generated by org.testng.reporters.JUnitXMLReporter -->
<testsuite hostname="GGKLen1027" name="module1IE,9,Windows,10TS_CreatingLead" tests="1" failures="1" timestamp="9 Jun 2017 07:55:38 GMT" time="1.414" errors="0">
  <testcase name="SignIn" time="1.412" classname="com.ggktech.module1.TS_CreatingLead">
    <failure type="java.lang.NullPointerException">
      <![CDATA[java.lang.NullPointerException
	at com.ggktech.service.PublicLibrary.createEndTags(PublicLibrary.java:1431)
	at com.ggktech.service.PublicLibrary.createXMLAndUpdateExcel(PublicLibrary.java:1393)
	at com.ggktech.module1.TS_CreatingLead.SignIn(TS_CreatingLead.java:40)
	at java.util.concurrent.FutureTask.run(FutureTask.java:266)
	at java.util.concurrent.ThreadPoolExecutor.runWorker(ThreadPoolExecutor.java:1142)
	at java.util.concurrent.ThreadPoolExecutor$Worker.run(ThreadPoolExecutor.java:617)
	at java.lang.Thread.run(Thread.java:745)
... Removed 16 stack frames]]>
    </failure>
  </testcase> <!-- SignIn -->
</testsuite> <!-- module1IE,9,Windows,10TS_CreatingLead -->
