<?xml version="1.0" encoding="UTF-8"?>
<!-- Generated by org.testng.reporters.JUnitXMLReporter -->
<testsuite hostname="GGKU2SYS79" name="module2Chrome,54,windows,7TS_AddNoteAdmin" tests="1" failures="1" timestamp="8 May 2017 04:07:00 GMT" time="32.284" errors="0">
  <testcase name="addNoteAndVerifyHistory" time="32.283" classname="com.ggktech.module1.TS_AddNoteAdmin">
    <failure type="java.lang.AssertionError" message="null">
      <![CDATA[java.lang.AssertionError: null
	at com.ggktech.utils.Reporter.reportAndStopExe(Reporter.java:178)
	at com.ggktech.utils.Reporter.failedreport(Reporter.java:116)
	at com.ggktech.utils.Reporter.report(Reporter.java:88)
	at com.ggktech.utils.Reporter.reportinCatch(Reporter.java:162)
	at com.ggktech.service.PublicLibrary.setValue(PublicLibrary.java:497)
	at com.ggktech.applib.ApplicationLibrary1.loginCRM(ApplicationLibrary1.java:64)
	at com.ggktech.module1.TS_AddNoteAdmin.addNoteAndVerifyHistory(TS_AddNoteAdmin.java:53)
	at com.ggktech.utils.TestNgXml.executeModuleTests(TestNgXml.java:408)
	at com.ggktech.utils.TestNgXml.access$000(TestNgXml.java:56)
	at com.ggktech.utils.TestNgXml$1.call(TestNgXml.java:331)
	at com.ggktech.utils.TestNgXml$1.call(TestNgXml.java:327)
	at java.util.concurrent.FutureTask.run(FutureTask.java:266)
	at java.util.concurrent.ScheduledThreadPoolExecutor$ScheduledFutureTask.access$201(ScheduledThreadPoolExecutor.java:180)
	at java.util.concurrent.ScheduledThreadPoolExecutor$ScheduledFutureTask.run(ScheduledThreadPoolExecutor.java:293)
	at java.util.concurrent.ThreadPoolExecutor.runWorker(ThreadPoolExecutor.java:1142)
	at java.util.concurrent.ThreadPoolExecutor$Worker.run(ThreadPoolExecutor.java:617)
	at java.lang.Thread.run(Thread.java:745)
... Removed 23 stack frames]]>
    </failure>
  </testcase> <!-- addNoteAndVerifyHistory -->
</testsuite> <!-- module2Chrome,54,windows,7TS_AddNoteAdmin -->
