<?xml version="1.0" encoding="UTF-8"?>
<!-- Generated by org.testng.reporters.JUnitXMLReporter -->
<testsuite hostname="GGKU2SYS42" ignored="0" name="module1Firefox,46,Windows,10TS_CreatingLead" tests="1" failures="1" timestamp="31 Aug 2017 08:40:41 GMT" time="30.634" errors="0">
  <testcase name="creatingLead" time="30.618" classname="com.ggktech.module1.TS_CreatingLead">
    <failure type="java.lang.AssertionError" message="null">
      <![CDATA[java.lang.AssertionError: null
	at com.ggktech.utils.Reporter.failedreport(Reporter.java:170)
	at com.ggktech.utils.Reporter.report(Reporter.java:108)
	at com.ggktech.service.PublicLibrary.verifyElement(PublicLibrary.java:459)
	at com.ggktech.service.PublicLibrary.clickElement(PublicLibrary.java:548)
	at com.ggktech.applib.ApplicationLibrary.navigationToLead(ApplicationLibrary.java:206)
	at com.ggktech.module1.TS_CreatingLead.creatingLead(TS_CreatingLead.java:31)
	at com.ggktech.utils.TestNgXml.executeModuleTests(TestNgXml.java:605)
	at com.ggktech.utils.TestNgXml.access$1(TestNgXml.java:544)
	at com.ggktech.utils.TestNgXml$2.call(TestNgXml.java:475)
	at com.ggktech.utils.TestNgXml$2.call(TestNgXml.java:1)
	at java.util.concurrent.FutureTask.run(FutureTask.java:266)
	at java.util.concurrent.ScheduledThreadPoolExecutor$ScheduledFutureTask.access$201(ScheduledThreadPoolExecutor.java:180)
	at java.util.concurrent.ScheduledThreadPoolExecutor$ScheduledFutureTask.run(ScheduledThreadPoolExecutor.java:293)
	at java.util.concurrent.ThreadPoolExecutor.runWorker(ThreadPoolExecutor.java:1142)
	at java.util.concurrent.ThreadPoolExecutor$Worker.run(ThreadPoolExecutor.java:617)
	at java.lang.Thread.run(Thread.java:745)
... Removed 24 stack frames]]>
    </failure>
  </testcase> <!-- creatingLead -->
</testsuite> <!-- module1Firefox,46,Windows,10TS_CreatingLead -->
