<?xml version="1.0" encoding="UTF-8"?>
<!-- Generated by org.testng.reporters.JUnitXMLReporter -->
<testsuite hostname="GGKU2SYS79" name="module2internet explorer,55,windows,7TS_NewClass" tests="1" failures="1" timestamp="5 May 2017 04:02:56 GMT" time="79.696" errors="0">
  <testcase name="photoUpload" time="79.695" classname="com.ggktech.module1.TS_NewClass">
    <failure type="java.lang.AssertionError" message="null">
      <![CDATA[java.lang.AssertionError: null
	at com.ggktech.utils.Reporter.failedreport(Reporter.java:147)
	at com.ggktech.utils.Reporter.report(Reporter.java:88)
	at com.ggktech.utils.Reporter.reportinCatch(Reporter.java:162)
	at com.ggktech.service.PublicLibrary.fluentWait(PublicLibrary.java:1111)
	at com.ggktech.service.PublicLibrary.setValue(PublicLibrary.java:489)
	at com.ggktech.applib.ApplicationLibrary1.loginCRM(ApplicationLibrary1.java:64)
	at com.ggktech.module1.TS_NewClass.photoUpload(TS_NewClass.java:39)
	at java.util.concurrent.FutureTask.run(FutureTask.java:266)
	at java.util.concurrent.ThreadPoolExecutor.runWorker(ThreadPoolExecutor.java:1142)
	at java.util.concurrent.ThreadPoolExecutor$Worker.run(ThreadPoolExecutor.java:617)
	at java.lang.Thread.run(Thread.java:745)
... Removed 18 stack frames]]>
    </failure>
  </testcase> <!-- photoUpload -->
</testsuite> <!-- module2internet explorer,55,windows,7TS_NewClass -->
