<?xml version="1.0" encoding="UTF-8"?>
<!-- Generated by org.testng.reporters.JUnitXMLReporter -->
<testsuite hostname="ip-10-0-0-131" ignored="0" name="PearUpChrome,54,Windows,10PU_MenuListItems" tests="1" failures="1" timestamp="12 Jul 2018 11:51:39 GMT" time="27.84" errors="0">
  <testcase name="testScript" time="19.287" classname="com.ggktech.utils.TestCaseTemplate">
    <failure type="java.lang.AssertionError" message="null">
      <![CDATA[java.lang.AssertionError: null
	at com.ggktech.utils.Reporter.failedreport(Reporter.java:177)
	at com.ggktech.utils.Reporter.report(Reporter.java:113)
	at com.ggktech.service.PublicLibrary.fluentWait(PublicLibrary.java:1211)
	at com.ggktech.service.PublicLibrary.clickElement(PublicLibrary.java:608)
	at com.ggktech.applib.ApplicationLibrary.loginPearUp(ApplicationLibrary.java:745)
	at com.ggktech.PearUp.PU_MenuListItems.testScript(PU_MenuListItems.java:11)
	at com.ggktech.utils.TestNgXml.executeModuleTests(TestNgXml.java:544)
	at com.ggktech.utils.TestNgXml.access$100(TestNgXml.java:53)
	at com.ggktech.utils.TestNgXml$2.call(TestNgXml.java:431)
	at com.ggktech.utils.TestNgXml$2.call(TestNgXml.java:427)
	at java.util.concurrent.FutureTask.run(FutureTask.java:266)
	at java.util.concurrent.ScheduledThreadPoolExecutor$ScheduledFutureTask.access$201(ScheduledThreadPoolExecutor.java:180)
	at java.util.concurrent.ScheduledThreadPoolExecutor$ScheduledFutureTask.run(ScheduledThreadPoolExecutor.java:293)
	at java.util.concurrent.ThreadPoolExecutor.runWorker(ThreadPoolExecutor.java:1149)
	at java.util.concurrent.ThreadPoolExecutor$Worker.run(ThreadPoolExecutor.java:624)
	at java.lang.Thread.run(Thread.java:748)
... Removed 24 stack frames]]>
    </failure>
  </testcase> <!-- testScript -->
</testsuite> <!-- PearUpChrome,54,Windows,10PU_MenuListItems -->
